# JRE version: OpenJDK Runtime Environment (8.0_202-b03) (build 1.8.0_202-release-1483-b03)
# Java VM: OpenJDK 64-Bit Server VM (25.202-b03 mixed mode windows-amd64 compressed oops)
Heap:
 PSYoungGen      total 305152K, used 251435K [0x00000000e0000000, 0x00000000f5a00000, 0x0000000100000000)
  eden space 255488K, 85% used [0x00000000e0000000,0x00000000ed5223c8,0x00000000ef980000)
  from space 49664K, 66% used [0x00000000f2980000,0x00000000f49e8998,0x00000000f5a00000)
  to   space 49152K, 0% used [0x00000000ef980000,0x00000000ef980000,0x00000000f2980000)
 ParOldGen       total 125440K, used 107950K [0x00000000a0000000, 0x00000000a7a80000, 0x00000000e0000000)
  object space 125440K, 86% used [0x00000000a0000000,0x00000000a696b9f0,0x00000000a7a80000)
 Metaspace       used 94401K, capacity 98200K, committed 98264K, reserved 1134592K
  class space    used 12045K, capacity 12773K, committed 12800K, reserved 1048576K
GC Heap History (10 events):
Event: 4075.472 GC heap before
{Heap before GC invocations=50 (full 4):
 PSYoungGen      total 224768K, used 224767K [0x00000000e0000000, 0x00000000f3280000, 0x0000000100000000)
  eden space 187392K, 100% used [0x00000000e0000000,0x00000000eb700000,0x00000000eb700000)
  from space 37376K, 99% used [0x00000000eb700000,0x00000000edb7fe20,0x00000000edb80000)
  to   space 51712K, 0% used [0x00000000f0000000,0x00000000f0000000,0x00000000f3280000)
 ParOldGen       total 125440K, used 95551K [0x00000000a0000000, 0x00000000a7a80000, 0x00000000e0000000)
  object space 125440K, 76% used [0x00000000a0000000,0x00000000a5d4fe20,0x00000000a7a80000)
 Metaspace       used 93924K, capacity 97522K, committed 97752K, reserved 1134592K
  class space    used 12011K, capacity 12690K, committed 12800K, reserved 1048576K
Event: 4075.681 GC heap after
Heap after GC invocations=50 (full 4):
 PSYoungGen      total 256000K, used 34524K [0x00000000e0000000, 0x00000000f2f80000, 0x0000000100000000)
  eden space 207360K, 0% used [0x00000000e0000000,0x00000000e0000000,0x00000000eca80000)
  from space 48640K, 70% used [0x00000000f0000000,0x00000000f21b71c8,0x00000000f2f80000)
  to   space 51712K, 0% used [0x00000000eca80000,0x00000000eca80000,0x00000000efd00000)
 ParOldGen       total 125440K, used 96643K [0x00000000a0000000, 0x00000000a7a80000, 0x00000000e0000000)
  object space 125440K, 77% used [0x00000000a0000000,0x00000000a5e60e60,0x00000000a7a80000)
 Metaspace       used 93924K, capacity 97522K, committed 97752K, reserved 1134592K
  class space    used 12011K, capacity 12690K, committed 12800K, reserved 1048576K
}
Event: 4085.786 GC heap before
{Heap before GC invocations=51 (full 4):
 PSYoungGen      total 256000K, used 241884K [0x00000000e0000000, 0x00000000f2f80000, 0x0000000100000000)
  eden space 207360K, 100% used [0x00000000e0000000,0x00000000eca80000,0x00000000eca80000)
  from space 48640K, 70% used [0x00000000f0000000,0x00000000f21b71c8,0x00000000f2f80000)
  to   space 51712K, 0% used [0x00000000eca80000,0x00000000eca80000,0x00000000efd00000)
 ParOldGen       total 125440K, used 96643K [0x00000000a0000000, 0x00000000a7a80000, 0x00000000e0000000)
  object space 125440K, 77% used [0x00000000a0000000,0x00000000a5e60e60,0x00000000a7a80000)
 Metaspace       used 94035K, capacity 97700K, committed 98008K, reserved 1134592K
  class space    used 12023K, capacity 12733K, committed 12800K, reserved 1048576K
Event: 4086.274 GC heap after
Heap after GC invocations=51 (full 4):
 PSYoungGen      total 259072K, used 28550K [0x00000000e0000000, 0x00000000f4500000, 0x0000000100000000)
  eden space 207360K, 0% used [0x00000000e0000000,0x00000000e0000000,0x00000000eca80000)
  from space 51712K, 55% used [0x00000000eca80000,0x00000000ee6618e0,0x00000000efd00000)
  to   space 50176K, 0% used [0x00000000f1400000,0x00000000f1400000,0x00000000f4500000)
 ParOldGen       total 125440K, used 102486K [0x00000000a0000000, 0x00000000a7a80000, 0x00000000e0000000)
  object space 125440K, 81% used [0x00000000a0000000,0x00000000a64159a0,0x00000000a7a80000)
 Metaspace       used 94035K, capacity 97700K, committed 98008K, reserved 1134592K
  class space    used 12023K, capacity 12733K, committed 12800K, reserved 1048576K
}
Event: 4122.710 GC heap before
{Heap before GC invocations=52 (full 4):
 PSYoungGen      total 259072K, used 235910K [0x00000000e0000000, 0x00000000f4500000, 0x0000000100000000)
  eden space 207360K, 100% used [0x00000000e0000000,0x00000000eca80000,0x00000000eca80000)
  from space 51712K, 55% used [0x00000000eca80000,0x00000000ee6618e0,0x00000000efd00000)
  to   space 50176K, 0% used [0x00000000f1400000,0x00000000f1400000,0x00000000f4500000)
 ParOldGen       total 125440K, used 102486K [0x00000000a0000000, 0x00000000a7a80000, 0x00000000e0000000)
  object space 125440K, 81% used [0x00000000a0000000,0x00000000a64159a0,0x00000000a7a80000)
 Metaspace       used 94374K, capacity 98132K, committed 98264K, reserved 1134592K
  class space    used 12045K, capacity 12773K, committed 12800K, reserved 1048576K
Event: 4123.005 GC heap after
Heap after GC invocations=52 (full 4):
 PSYoungGen      total 277504K, used 33580K [0x00000000e0000000, 0x00000000f4280000, 0x0000000100000000)
  eden space 229888K, 0% used [0x00000000e0000000,0x00000000e0000000,0x00000000ee080000)
  from space 47616K, 70% used [0x00000000f1400000,0x00000000f34cb260,0x00000000f4280000)
  to   space 50176K, 0% used [0x00000000ee080000,0x00000000ee080000,0x00000000f1180000)
 ParOldGen       total 125440K, used 104062K [0x00000000a0000000, 0x00000000a7a80000, 0x00000000e0000000)
  object space 125440K, 82% used [0x00000000a0000000,0x00000000a659f9a0,0x00000000a7a80000)
 Metaspace       used 94374K, capacity 98132K, committed 98264K, reserved 1134592K
  class space    used 12045K, capacity 12773K, committed 12800K, reserved 1048576K
}
Event: 4127.742 GC heap before
{Heap before GC invocations=53 (full 4):
 PSYoungGen      total 277504K, used 263468K [0x00000000e0000000, 0x00000000f4280000, 0x0000000100000000)
  eden space 229888K, 100% used [0x00000000e0000000,0x00000000ee080000,0x00000000ee080000)
  from space 47616K, 70% used [0x00000000f1400000,0x00000000f34cb260,0x00000000f4280000)
  to   space 50176K, 0% used [0x00000000ee080000,0x00000000ee080000,0x00000000f1180000)
 ParOldGen       total 125440K, used 104062K [0x00000000a0000000, 0x00000000a7a80000, 0x00000000e0000000)
  object space 125440K, 82% used [0x00000000a0000000,0x00000000a659f9a0,0x00000000a7a80000)
 Metaspace       used 94390K, capacity 98196K, committed 98264K, reserved 1134592K
  class space    used 12045K, capacity 12773K, committed 12800K, reserved 1048576K
Event: 4127.877 GC heap after
Heap after GC invocations=53 (full 4):
 PSYoungGen      total 280064K, used 32381K [0x00000000e0000000, 0x00000000f5a00000, 0x0000000100000000)
  eden space 229888K, 0% used [0x00000000e0000000,0x00000000e0000000,0x00000000ee080000)
  from space 50176K, 64% used [0x00000000ee080000,0x00000000f001f6b8,0x00000000f1180000)
  to   space 49664K, 0% used [0x00000000f2980000,0x00000000f2980000,0x00000000f5a00000)
 ParOldGen       total 125440K, used 106750K [0x00000000a0000000, 0x00000000a7a80000, 0x00000000e0000000)
  object space 125440K, 85% used [0x00000000a0000000,0x00000000a683f9f0,0x00000000a7a80000)
 Metaspace       used 94390K, capacity 98196K, committed 98264K, reserved 1134592K
  class space    used 12045K, capacity 12773K, committed 12800K, reserved 1048576K
}
Event: 4132.296 GC heap before
{Heap before GC invocations=54 (full 4):
 PSYoungGen      total 280064K, used 262269K [0x00000000e0000000, 0x00000000f5a00000, 0x0000000100000000)
  eden space 229888K, 100% used [0x00000000e0000000,0x00000000ee080000,0x00000000ee080000)
  from space 50176K, 64% used [0x00000000ee080000,0x00000000f001f6b8,0x00000000f1180000)
  to   space 49664K, 0% used [0x00000000f2980000,0x00000000f2980000,0x00000000f5a00000)
 ParOldGen       total 125440K, used 106750K [0x00000000a0000000, 0x00000000a7a80000, 0x00000000e0000000)
  object space 125440K, 85% used [0x00000000a0000000,0x00000000a683f9f0,0x00000000a7a80000)
 Metaspace       used 94399K, capacity 98196K, committed 98264K, reserved 1134592K
  class space    used 12045K, capacity 12773K, committed 12800K, reserved 1048576K
Event: 4132.480 GC heap after
Heap after GC invocations=54 (full 4):
 PSYoungGen      total 305152K, used 33186K [0x00000000e0000000, 0x00000000f5a00000, 0x0000000100000000)
  eden space 255488K, 0% used [0x00000000e0000000,0x00000000e0000000,0x00000000ef980000)
  from space 49664K, 66% used [0x00000000f2980000,0x00000000f49e8998,0x00000000f5a00000)
  to   space 49152K, 0% used [0x00000000ef980000,0x00000000ef980000,0x00000000f2980000)
 ParOldGen       total 125440K, used 107950K [0x00000000a0000000, 0x00000000a7a80000, 0x00000000e0000000)
  object space 125440K, 86% used [0x00000000a0000000,0x00000000a696b9f0,0x00000000a7a80000)
 Metaspace       used 94399K, capacity 98196K, committed 98264K, reserved 1134592K
  class space    used 12045K, capacity 12773K, committed 12800K, reserved 1048576K
}

